<?xml version="1.0" encoding="UTF-8"?>
<testng-results ignored="0" total="1" passed="1" failed="0" skipped="0">
  <reporter-output>
  </reporter-output>
  <suite started-at="2019-05-02T05:46:09Z" name="Suite" finished-at="2019-05-02T05:46:17Z" duration-ms="8190">
    <groups>
    </groups>
    <test started-at="2019-05-02T05:46:09Z" name="Test" finished-at="2019-05-02T05:46:17Z" duration-ms="8190">
      <class name="t1.Test1">
        <test-method signature="name()[pri:0, instance:t1.Test1@5fbe4146]" started-at="2019-05-02T11:16:09Z" name="name" finished-at="2019-05-02T11:16:17Z" duration-ms="8165" status="PASS">
          <reporter-output>
          </reporter-output>
        </test-method> <!-- name -->
      </class> <!-- t1.Test1 -->
    </test> <!-- Test -->
  </suite> <!-- Suite -->
</testng-results>
