<?xml version="1.0" encoding="UTF-8"?>
<testng-results ignored="0" total="1" passed="1" failed="0" skipped="0">
  <reporter-output>
  </reporter-output>
  <suite started-at="2019-06-11T09:48:27Z" name="Default suite" finished-at="2019-06-11T09:48:37Z" duration-ms="10106">
    <groups>
    </groups>
    <test started-at="2019-06-11T09:48:27Z" name="Default test" finished-at="2019-06-11T09:48:37Z" duration-ms="10106">
      <class name="t1.mobproxy">
        <test-method is-config="true" signature="setUp()[pri:0, instance:t1.mobproxy@51c668e3]" started-at="2019-06-11T09:48:27Z" name="setUp" finished-at="2019-06-11T09:48:31Z" duration-ms="4026" status="PASS">
          <reporter-output>
          </reporter-output>
        </test-method> <!-- setUp -->
        <test-method signature="testCaseOne()[pri:0, instance:t1.mobproxy@51c668e3]" started-at="2019-06-11T09:48:31Z" name="testCaseOne" finished-at="2019-06-11T09:48:33Z" duration-ms="2515" status="PASS">
          <reporter-output>
          </reporter-output>
        </test-method> <!-- testCaseOne -->
        <test-method is-config="true" signature="tearDown()[pri:0, instance:t1.mobproxy@51c668e3]" started-at="2019-06-11T09:48:34Z" name="tearDown" finished-at="2019-06-11T09:48:37Z" duration-ms="3547" status="PASS">
          <reporter-output>
          </reporter-output>
        </test-method> <!-- tearDown -->
      </class> <!-- t1.mobproxy -->
    </test> <!-- Default test -->
  </suite> <!-- Default suite -->
</testng-results>
